{"C:\\dev\\mars-rover\\MarsMap.ts": {"path":"C:\\dev\\mars-rover\\MarsMap.ts","statementMap":{"0":{"start":{"line":1,"column":0},"end":{"line":1,"column":37}},"1":{"start":{"line":4,"column":9},"end":{"line":4,"column":59}},"2":{"start":{"line":9,"column":35},"end":{"line":9,"column":54}},"3":{"start":{"line":10,"column":4},"end":{"line":10,"column":27}},"4":{"start":{"line":15,"column":10},"end":{"line":15,"column":31}},"5":{"start":{"line":16,"column":10},"end":{"line":16,"column":32}},"6":{"start":{"line":17,"column":10},"end":{"line":17,"column":71}},"7":{"start":{"line":18,"column":10},"end":{"line":18,"column":52}},"8":{"start":{"line":21,"column":4},"end":{"line":33,"column":null}},"9":{"start":{"line":22,"column":6},"end":{"line":22,"column":13}},"10":{"start":{"line":24,"column":6},"end":{"line":24,"column":33}},"11":{"start":{"line":25,"column":6},"end":{"line":32,"column":null}},"12":{"start":{"line":25,"column":19},"end":{"line":25,"column":20}},"13":{"start":{"line":26,"column":29},"end":{"line":26,"column":31}},"14":{"start":{"line":27,"column":8},"end":{"line":30,"column":null}},"15":{"start":{"line":27,"column":21},"end":{"line":27,"column":22}},"16":{"start":{"line":28,"column":32},"end":{"line":28,"column":42}},"17":{"start":{"line":29,"column":10},"end":{"line":29,"column":31}},"18":{"start":{"line":31,"column":8},"end":{"line":31,"column":32}},"19":{"start":{"line":37,"column":4},"end":{"line":37,"column":22}},"20":{"start":{"line":41,"column":4},"end":{"line":41,"column":26}},"21":{"start":{"line":45,"column":4},"end":{"line":45,"column":44}},"22":{"start":{"line":49,"column":4},"end":{"line":49,"column":42}},"23":{"start":{"line":54,"column":27},"end":{"line":54,"column":46}},"24":{"start":{"line":56,"column":49},"end":{"line":56,"column":67}},"25":{"start":{"line":58,"column":4},"end":{"line":61,"column":null}},"26":{"start":{"line":59,"column":6},"end":{"line":59,"column":42}},"27":{"start":{"line":60,"column":6},"end":{"line":60,"column":13}},"28":{"start":{"line":63,"column":4},"end":{"line":100,"column":null}},"29":{"start":{"line":63,"column":17},"end":{"line":63,"column":18}},"30":{"start":{"line":64,"column":6},"end":{"line":66,"column":null}},"31":{"start":{"line":64,"column":19},"end":{"line":64,"column":20}},"32":{"start":{"line":65,"column":8},"end":{"line":65,"column":39}},"33":{"start":{"line":67,"column":6},"end":{"line":67,"column":23}},"34":{"start":{"line":69,"column":6},"end":{"line":99,"column":null}},"35":{"start":{"line":69,"column":19},"end":{"line":69,"column":20}},"36":{"start":{"line":71,"column":8},"end":{"line":97,"column":null}},"37":{"start":{"line":71,"column":21},"end":{"line":71,"column":22}},"38":{"start":{"line":72,"column":23},"end":{"line":72,"column":44}},"39":{"start":{"line":73,"column":10},"end":{"line":96,"column":null}},"40":{"start":{"line":74,"column":12},"end":{"line":93,"column":null}},"41":{"start":{"line":75,"column":14},"end":{"line":75,"column":45}},"42":{"start":{"line":76,"column":19},"end":{"line":93,"column":null}},"43":{"start":{"line":77,"column":14},"end":{"line":90,"column":null}},"44":{"start":{"line":79,"column":18},"end":{"line":79,"column":49}},"45":{"start":{"line":80,"column":18},"end":{"line":80,"column":24}},"46":{"start":{"line":82,"column":18},"end":{"line":82,"column":49}},"47":{"start":{"line":83,"column":18},"end":{"line":83,"column":24}},"48":{"start":{"line":85,"column":18},"end":{"line":85,"column":49}},"49":{"start":{"line":86,"column":18},"end":{"line":86,"column":24}},"50":{"start":{"line":88,"column":18},"end":{"line":88,"column":49}},"51":{"start":{"line":89,"column":18},"end":{"line":89,"column":24}},"52":{"start":{"line":92,"column":14},"end":{"line":92,"column":45}},"53":{"start":{"line":95,"column":12},"end":{"line":95,"column":43}},"54":{"start":{"line":98,"column":8},"end":{"line":98,"column":25}},"55":{"start":{"line":105,"column":0},"end":{"line":105,"column":23}}},"fnMap":{"0":{"name":"(anonymous_0)","decl":{"start":{"line":3,"column":0},"end":{"line":3,"column":6}},"loc":{"start":{"line":3,"column":0},"end":{"line":12,"column":1}}},"1":{"name":"(anonymous_1)","decl":{"start":{"line":7,"column":10},"end":{"line":7,"column":32}},"loc":{"start":{"line":7,"column":32},"end":{"line":11,"column":3}}},"2":{"name":"(anonymous_2)","decl":{"start":{"line":20,"column":2},"end":{"line":20,"column":21}},"loc":{"start":{"line":20,"column":38},"end":{"line":34,"column":3}}},"3":{"name":"(anonymous_3)","decl":{"start":{"line":36,"column":9},"end":{"line":36,"column":17}},"loc":{"start":{"line":36,"column":17},"end":{"line":38,"column":3}}},"4":{"name":"(anonymous_4)","decl":{"start":{"line":40,"column":9},"end":{"line":40,"column":21}},"loc":{"start":{"line":40,"column":21},"end":{"line":42,"column":3}}},"5":{"name":"(anonymous_5)","decl":{"start":{"line":44,"column":9},"end":{"line":44,"column":29}},"loc":{"start":{"line":44,"column":60},"end":{"line":46,"column":3}}},"6":{"name":"(anonymous_6)","decl":{"start":{"line":48,"column":9},"end":{"line":48,"column":28}},"loc":{"start":{"line":48,"column":64},"end":{"line":50,"column":3}}},"7":{"name":"(anonymous_7)","decl":{"start":{"line":52,"column":9},"end":{"line":52,"column":19}},"loc":{"start":{"line":52,"column":19},"end":{"line":101,"column":3}}}},"branchMap":{"0":{"loc":{"start":{"line":21,"column":4},"end":{"line":33,"column":null}},"type":"if","locations":[{"start":{"line":21,"column":4},"end":{"line":33,"column":null}},{"start":{"line":23,"column":11},"end":{"line":33,"column":null}}]},"1":{"loc":{"start":{"line":58,"column":4},"end":{"line":61,"column":null}},"type":"if","locations":[{"start":{"line":58,"column":4},"end":{"line":61,"column":null}}]},"2":{"loc":{"start":{"line":73,"column":10},"end":{"line":96,"column":null}},"type":"if","locations":[{"start":{"line":73,"column":10},"end":{"line":96,"column":null}},{"start":{"line":94,"column":17},"end":{"line":96,"column":null}}]},"3":{"loc":{"start":{"line":74,"column":12},"end":{"line":93,"column":null}},"type":"if","locations":[{"start":{"line":74,"column":12},"end":{"line":93,"column":null}},{"start":{"line":76,"column":19},"end":{"line":93,"column":null}}]},"4":{"loc":{"start":{"line":76,"column":19},"end":{"line":93,"column":null}},"type":"if","locations":[{"start":{"line":76,"column":19},"end":{"line":93,"column":null}},{"start":{"line":91,"column":19},"end":{"line":93,"column":null}}]},"5":{"loc":{"start":{"line":76,"column":23},"end":{"line":76,"column":41}},"type":"binary-expr","locations":[{"start":{"line":76,"column":23},"end":{"line":76,"column":30}},{"start":{"line":76,"column":34},"end":{"line":76,"column":41}}]},"6":{"loc":{"start":{"line":77,"column":14},"end":{"line":90,"column":null}},"type":"switch","locations":[{"start":{"line":78,"column":16},"end":{"line":80,"column":24}},{"start":{"line":81,"column":16},"end":{"line":83,"column":24}},{"start":{"line":84,"column":16},"end":{"line":86,"column":24}},{"start":{"line":87,"column":16},"end":{"line":89,"column":24}}]}},"s":{"0":2,"1":384,"2":384,"3":384,"4":25,"5":25,"6":25,"7":25,"8":25,"9":1,"10":24,"11":24,"12":24,"13":96,"14":96,"15":96,"16":384,"17":384,"18":96,"19":84,"20":53,"21":18,"22":18,"23":2,"24":2,"25":2,"26":1,"27":1,"28":1,"29":1,"30":4,"31":4,"32":16,"33":4,"34":4,"35":4,"36":12,"37":12,"38":48,"39":48,"40":16,"41":9,"42":7,"43":1,"44":1,"45":1,"46":0,"47":0,"48":0,"49":0,"50":0,"51":0,"52":6,"53":32,"54":12,"55":2},"f":{"0":384,"1":384,"2":25,"3":84,"4":53,"5":18,"6":18,"7":2},"b":{"0":[1,24],"1":[1],"2":[16,32],"3":[9,7],"4":[1,6],"5":[7,2],"6":[1,0,0,0]}}
,"C:\\dev\\mars-rover\\Rover.ts": {"path":"C:\\dev\\mars-rover\\Rover.ts","statementMap":{"0":{"start":{"line":3,"column":0},"end":{"line":3,"column":null}},"1":{"start":{"line":4,"column":2},"end":{"line":4,"column":null}},"2":{"start":{"line":5,"column":2},"end":{"line":5,"column":null}},"3":{"start":{"line":6,"column":2},"end":{"line":6,"column":null}},"4":{"start":{"line":7,"column":2},"end":{"line":7,"column":null}},"5":{"start":{"line":10,"column":0},"end":{"line":10,"column":null}},"6":{"start":{"line":11,"column":2},"end":{"line":11,"column":null}},"7":{"start":{"line":12,"column":2},"end":{"line":12,"column":null}},"8":{"start":{"line":13,"column":2},"end":{"line":13,"column":null}},"9":{"start":{"line":14,"column":2},"end":{"line":14,"column":null}},"10":{"start":{"line":26,"column":38},"end":{"line":26,"column":49}},"11":{"start":{"line":27,"column":6},"end":{"line":30,"column":null}},"12":{"start":{"line":28,"column":8},"end":{"line":28,"column":56}},"13":{"start":{"line":29,"column":8},"end":{"line":29,"column":20}},"14":{"start":{"line":31,"column":23},"end":{"line":31,"column":43}},"15":{"start":{"line":32,"column":6},"end":{"line":40,"column":null}},"16":{"start":{"line":33,"column":8},"end":{"line":33,"column":39}},"17":{"start":{"line":34,"column":8},"end":{"line":34,"column":20}},"18":{"start":{"line":36,"column":8},"end":{"line":36,"column":34}},"19":{"start":{"line":37,"column":30},"end":{"line":37,"column":68}},"20":{"start":{"line":38,"column":8},"end":{"line":38,"column":26}},"21":{"start":{"line":39,"column":8},"end":{"line":39,"column":21}},"22":{"start":{"line":48,"column":4},"end":{"line":48,"column":37}},"23":{"start":{"line":49,"column":4},"end":{"line":49,"column":37}},"24":{"start":{"line":50,"column":4},"end":{"line":50,"column":19}},"25":{"start":{"line":54,"column":4},"end":{"line":54,"column":30}},"26":{"start":{"line":58,"column":4},"end":{"line":58,"column":37}},"27":{"start":{"line":62,"column":4},"end":{"line":62,"column":32}},"28":{"start":{"line":66,"column":4},"end":{"line":66,"column":40}},"29":{"start":{"line":70,"column":4},"end":{"line":70,"column":20}},"30":{"start":{"line":75,"column":21},"end":{"line":75,"column":51}},"31":{"start":{"line":76,"column":4},"end":{"line":80,"column":null}},"32":{"start":{"line":77,"column":6},"end":{"line":77,"column":18}},"33":{"start":{"line":79,"column":6},"end":{"line":79,"column":19}},"34":{"start":{"line":85,"column":4},"end":{"line":85,"column":49}},"35":{"start":{"line":87,"column":49},"end":{"line":87,"column":72}},"36":{"start":{"line":89,"column":40},"end":{"line":89,"column":60}},"37":{"start":{"line":91,"column":27},"end":{"line":91,"column":50}},"38":{"start":{"line":93,"column":23},"end":{"line":93,"column":30}},"39":{"start":{"line":94,"column":23},"end":{"line":94,"column":30}},"40":{"start":{"line":95,"column":4},"end":{"line":186,"column":null}},"41":{"start":{"line":97,"column":8},"end":{"line":138,"column":null}},"42":{"start":{"line":100,"column":12},"end":{"line":100,"column":27}},"43":{"start":{"line":101,"column":12},"end":{"line":105,"column":null}},"44":{"start":{"line":102,"column":14},"end":{"line":102,"column":32}},"45":{"start":{"line":104,"column":14},"end":{"line":104,"column":33}},"46":{"start":{"line":106,"column":12},"end":{"line":106,"column":18}},"47":{"start":{"line":110,"column":12},"end":{"line":110,"column":27}},"48":{"start":{"line":111,"column":12},"end":{"line":115,"column":null}},"49":{"start":{"line":112,"column":14},"end":{"line":112,"column":23}},"50":{"start":{"line":114,"column":14},"end":{"line":114,"column":33}},"51":{"start":{"line":116,"column":12},"end":{"line":116,"column":18}},"52":{"start":{"line":120,"column":12},"end":{"line":120,"column":27}},"53":{"start":{"line":121,"column":12},"end":{"line":125,"column":null}},"54":{"start":{"line":122,"column":14},"end":{"line":122,"column":23}},"55":{"start":{"line":124,"column":14},"end":{"line":124,"column":33}},"56":{"start":{"line":126,"column":12},"end":{"line":126,"column":18}},"57":{"start":{"line":130,"column":12},"end":{"line":130,"column":27}},"58":{"start":{"line":131,"column":12},"end":{"line":135,"column":null}},"59":{"start":{"line":132,"column":14},"end":{"line":132,"column":32}},"60":{"start":{"line":134,"column":14},"end":{"line":134,"column":33}},"61":{"start":{"line":136,"column":12},"end":{"line":136,"column":18}},"62":{"start":{"line":139,"column":8},"end":{"line":139,"column":14}},"63":{"start":{"line":142,"column":8},"end":{"line":183,"column":null}},"64":{"start":{"line":145,"column":12},"end":{"line":145,"column":27}},"65":{"start":{"line":146,"column":12},"end":{"line":150,"column":null}},"66":{"start":{"line":147,"column":14},"end":{"line":147,"column":23}},"67":{"start":{"line":149,"column":14},"end":{"line":149,"column":33}},"68":{"start":{"line":151,"column":12},"end":{"line":151,"column":18}},"69":{"start":{"line":155,"column":12},"end":{"line":155,"column":27}},"70":{"start":{"line":156,"column":12},"end":{"line":160,"column":null}},"71":{"start":{"line":157,"column":14},"end":{"line":157,"column":32}},"72":{"start":{"line":159,"column":14},"end":{"line":159,"column":33}},"73":{"start":{"line":161,"column":12},"end":{"line":161,"column":18}},"74":{"start":{"line":165,"column":12},"end":{"line":165,"column":27}},"75":{"start":{"line":166,"column":12},"end":{"line":170,"column":null}},"76":{"start":{"line":167,"column":14},"end":{"line":167,"column":32}},"77":{"start":{"line":169,"column":14},"end":{"line":169,"column":33}},"78":{"start":{"line":171,"column":12},"end":{"line":171,"column":18}},"79":{"start":{"line":175,"column":12},"end":{"line":175,"column":27}},"80":{"start":{"line":176,"column":12},"end":{"line":180,"column":null}},"81":{"start":{"line":177,"column":14},"end":{"line":177,"column":23}},"82":{"start":{"line":179,"column":14},"end":{"line":179,"column":33}},"83":{"start":{"line":181,"column":12},"end":{"line":181,"column":18}},"84":{"start":{"line":184,"column":8},"end":{"line":184,"column":14}},"85":{"start":{"line":188,"column":4},"end":{"line":197,"column":null}},"86":{"start":{"line":189,"column":6},"end":{"line":189,"column":59}},"87":{"start":{"line":190,"column":6},"end":{"line":190,"column":48}},"88":{"start":{"line":191,"column":6},"end":{"line":191,"column":23}},"89":{"start":{"line":192,"column":6},"end":{"line":192,"column":19}},"90":{"start":{"line":194,"column":6},"end":{"line":194,"column":42}},"91":{"start":{"line":195,"column":6},"end":{"line":195,"column":23}},"92":{"start":{"line":196,"column":6},"end":{"line":196,"column":18}},"93":{"start":{"line":202,"column":4},"end":{"line":202,"column":49}},"94":{"start":{"line":204,"column":46},"end":{"line":204,"column":66}},"95":{"start":{"line":206,"column":40},"end":{"line":206,"column":74}},"96":{"start":{"line":208,"column":4},"end":{"line":227,"column":null}},"97":{"start":{"line":211,"column":8},"end":{"line":211,"column":55}},"98":{"start":{"line":213,"column":8},"end":{"line":215,"column":null}},"99":{"start":{"line":214,"column":10},"end":{"line":214,"column":52}},"100":{"start":{"line":216,"column":8},"end":{"line":216,"column":52}},"101":{"start":{"line":217,"column":8},"end":{"line":217,"column":14}},"102":{"start":{"line":220,"column":8},"end":{"line":220,"column":55}},"103":{"start":{"line":222,"column":8},"end":{"line":224,"column":null}},"104":{"start":{"line":223,"column":10},"end":{"line":223,"column":52}},"105":{"start":{"line":225,"column":8},"end":{"line":225,"column":52}},"106":{"start":{"line":226,"column":8},"end":{"line":226,"column":14}},"107":{"start":{"line":228,"column":4},"end":{"line":228,"column":21}},"108":{"start":{"line":229,"column":4},"end":{"line":229,"column":16}},"109":{"start":{"line":234,"column":4},"end":{"line":238,"column":null}},"110":{"start":{"line":235,"column":6},"end":{"line":237,"column":null}},"111":{"start":{"line":236,"column":8},"end":{"line":236,"column":17}},"112":{"start":{"line":239,"column":4},"end":{"line":239,"column":65}},"113":{"start":{"line":240,"column":4},"end":{"line":240,"column":13}},"114":{"start":{"line":246,"column":31},"end":{"line":246,"column":32}},"115":{"start":{"line":247,"column":4},"end":{"line":249,"column":7}},"116":{"start":{"line":248,"column":6},"end":{"line":248,"column":51}},"117":{"start":{"line":251,"column":4},"end":{"line":257,"column":null}},"118":{"start":{"line":252,"column":6},"end":{"line":252,"column":19}},"119":{"start":{"line":256,"column":6},"end":{"line":256,"column":18}},"120":{"start":{"line":264,"column":25},"end":{"line":264,"column":47}},"121":{"start":{"line":266,"column":4},"end":{"line":294,"column":null}},"122":{"start":{"line":267,"column":6},"end":{"line":267,"column":39}},"123":{"start":{"line":268,"column":37},"end":{"line":268,"column":42}},"124":{"start":{"line":269,"column":6},"end":{"line":282,"column":null}},"125":{"start":{"line":269,"column":19},"end":{"line":269,"column":20}},"126":{"start":{"line":271,"column":10},"end":{"line":271,"column":58}},"127":{"start":{"line":272,"column":8},"end":{"line":278,"column":null}},"128":{"start":{"line":273,"column":10},"end":{"line":273,"column":51}},"129":{"start":{"line":274,"column":15},"end":{"line":278,"column":null}},"130":{"start":{"line":275,"column":10},"end":{"line":275,"column":53}},"131":{"start":{"line":277,"column":10},"end":{"line":277,"column":34}},"132":{"start":{"line":279,"column":8},"end":{"line":281,"column":null}},"133":{"start":{"line":280,"column":10},"end":{"line":280,"column":16}},"134":{"start":{"line":283,"column":6},"end":{"line":288,"column":null}},"135":{"start":{"line":284,"column":8},"end":{"line":284,"column":57}},"136":{"start":{"line":286,"column":8},"end":{"line":286,"column":64}},"137":{"start":{"line":287,"column":8},"end":{"line":287,"column":15}},"138":{"start":{"line":292,"column":6},"end":{"line":292,"column":45}},"139":{"start":{"line":293,"column":6},"end":{"line":293,"column":13}},"140":{"start":{"line":298,"column":4},"end":{"line":298,"column":61}},"141":{"start":{"line":299,"column":4},"end":{"line":299,"column":58}},"142":{"start":{"line":303,"column":0},"end":{"line":303,"column":21}}},"fnMap":{"0":{"name":"(anonymous_0)","decl":{"start":{"line":3,"column":0},"end":{"line":3,"column":12}},"loc":{"start":{"line":3,"column":22},"end":{"line":8,"column":1}}},"1":{"name":"(anonymous_1)","decl":{"start":{"line":10,"column":0},"end":{"line":10,"column":12}},"loc":{"start":{"line":10,"column":19},"end":{"line":15,"column":1}}},"2":{"name":"(anonymous_2)","decl":{"start":{"line":23,"column":9},"end":{"line":23,"column":15}},"loc":{"start":{"line":25,"column":17},"end":{"line":41,"column":3}}},"3":{"name":"(anonymous_3)","decl":{"start":{"line":43,"column":2},"end":{"line":43,"column":null}},"loc":{"start":{"line":46,"column":17},"end":{"line":51,"column":3}}},"4":{"name":"(anonymous_4)","decl":{"start":{"line":53,"column":9},"end":{"line":53,"column":25}},"loc":{"start":{"line":53,"column":25},"end":{"line":55,"column":3}}},"5":{"name":"(anonymous_5)","decl":{"start":{"line":57,"column":9},"end":{"line":57,"column":25}},"loc":{"start":{"line":57,"column":55},"end":{"line":59,"column":3}}},"6":{"name":"(anonymous_6)","decl":{"start":{"line":61,"column":9},"end":{"line":61,"column":27}},"loc":{"start":{"line":61,"column":27},"end":{"line":63,"column":3}}},"7":{"name":"(anonymous_7)","decl":{"start":{"line":65,"column":9},"end":{"line":65,"column":27}},"loc":{"start":{"line":65,"column":52},"end":{"line":67,"column":3}}},"8":{"name":"(anonymous_8)","decl":{"start":{"line":69,"column":9},"end":{"line":69,"column":15}},"loc":{"start":{"line":69,"column":15},"end":{"line":71,"column":3}}},"9":{"name":"(anonymous_9)","decl":{"start":{"line":74,"column":9},"end":{"line":74,"column":23}},"loc":{"start":{"line":74,"column":44},"end":{"line":81,"column":3}}},"10":{"name":"(anonymous_10)","decl":{"start":{"line":84,"column":9},"end":{"line":84,"column":13}},"loc":{"start":{"line":84,"column":30},"end":{"line":198,"column":3}}},"11":{"name":"(anonymous_11)","decl":{"start":{"line":201,"column":9},"end":{"line":201,"column":15}},"loc":{"start":{"line":201,"column":32},"end":{"line":230,"column":3}}},"12":{"name":"(anonymous_12)","decl":{"start":{"line":233,"column":9},"end":{"line":233,"column":23}},"loc":{"start":{"line":233,"column":39},"end":{"line":241,"column":3}}},"13":{"name":"(anonymous_13)","decl":{"start":{"line":244,"column":9},"end":{"line":244,"column":24}},"loc":{"start":{"line":244,"column":50},"end":{"line":258,"column":3}}},"14":{"name":"(anonymous_14)","decl":{"start":{"line":247,"column":28},"end":{"line":247,"column":29}},"loc":{"start":{"line":247,"column":40},"end":{"line":249,"column":5}}},"15":{"name":"(anonymous_15)","decl":{"start":{"line":262,"column":9},"end":{"line":262,"column":19}},"loc":{"start":{"line":262,"column":39},"end":{"line":295,"column":3}}},"16":{"name":"(anonymous_16)","decl":{"start":{"line":297,"column":9},"end":{"line":297,"column":18}},"loc":{"start":{"line":297,"column":18},"end":{"line":300,"column":3}}}},"branchMap":{"0":{"loc":{"start":{"line":3,"column":12},"end":{"line":3,"column":null}},"type":"binary-expr","locations":[{"start":{"line":3,"column":12},"end":{"line":3,"column":22}},{"start":{"line":3,"column":22},"end":{"line":3,"column":null}}]},"1":{"loc":{"start":{"line":10,"column":12},"end":{"line":10,"column":null}},"type":"binary-expr","locations":[{"start":{"line":10,"column":12},"end":{"line":10,"column":19}},{"start":{"line":10,"column":19},"end":{"line":10,"column":null}}]},"2":{"loc":{"start":{"line":27,"column":6},"end":{"line":30,"column":null}},"type":"if","locations":[{"start":{"line":27,"column":6},"end":{"line":30,"column":null}}]},"3":{"loc":{"start":{"line":27,"column":9},"end":{"line":27,"column":78}},"type":"binary-expr","locations":[{"start":{"line":27,"column":10},"end":{"line":27,"column":15}},{"start":{"line":27,"column":19},"end":{"line":27,"column":42}},{"start":{"line":27,"column":48},"end":{"line":27,"column":51}},{"start":{"line":27,"column":55},"end":{"line":27,"column":77}}]},"4":{"loc":{"start":{"line":32,"column":6},"end":{"line":40,"column":null}},"type":"if","locations":[{"start":{"line":32,"column":6},"end":{"line":40,"column":null}},{"start":{"line":35,"column":13},"end":{"line":40,"column":null}}]},"5":{"loc":{"start":{"line":76,"column":4},"end":{"line":80,"column":null}},"type":"if","locations":[{"start":{"line":76,"column":4},"end":{"line":80,"column":null}},{"start":{"line":78,"column":11},"end":{"line":80,"column":null}}]},"6":{"loc":{"start":{"line":95,"column":4},"end":{"line":186,"column":null}},"type":"switch","locations":[{"start":{"line":96,"column":6},"end":{"line":140,"column":null}},{"start":{"line":141,"column":6},"end":{"line":185,"column":null}}]},"7":{"loc":{"start":{"line":97,"column":8},"end":{"line":138,"column":null}},"type":"switch","locations":[{"start":{"line":98,"column":10},"end":{"line":107,"column":null}},{"start":{"line":108,"column":10},"end":{"line":117,"column":null}},{"start":{"line":118,"column":10},"end":{"line":127,"column":null}},{"start":{"line":128,"column":10},"end":{"line":137,"column":null}}]},"8":{"loc":{"start":{"line":101,"column":12},"end":{"line":105,"column":null}},"type":"if","locations":[{"start":{"line":101,"column":12},"end":{"line":105,"column":null}},{"start":{"line":103,"column":19},"end":{"line":105,"column":null}}]},"9":{"loc":{"start":{"line":111,"column":12},"end":{"line":115,"column":null}},"type":"if","locations":[{"start":{"line":111,"column":12},"end":{"line":115,"column":null}},{"start":{"line":113,"column":19},"end":{"line":115,"column":null}}]},"10":{"loc":{"start":{"line":121,"column":12},"end":{"line":125,"column":null}},"type":"if","locations":[{"start":{"line":121,"column":12},"end":{"line":125,"column":null}},{"start":{"line":123,"column":19},"end":{"line":125,"column":null}}]},"11":{"loc":{"start":{"line":131,"column":12},"end":{"line":135,"column":null}},"type":"if","locations":[{"start":{"line":131,"column":12},"end":{"line":135,"column":null}},{"start":{"line":133,"column":19},"end":{"line":135,"column":null}}]},"12":{"loc":{"start":{"line":142,"column":8},"end":{"line":183,"column":null}},"type":"switch","locations":[{"start":{"line":143,"column":10},"end":{"line":152,"column":null}},{"start":{"line":153,"column":10},"end":{"line":162,"column":null}},{"start":{"line":163,"column":10},"end":{"line":172,"column":null}},{"start":{"line":173,"column":10},"end":{"line":182,"column":null}}]},"13":{"loc":{"start":{"line":146,"column":12},"end":{"line":150,"column":null}},"type":"if","locations":[{"start":{"line":146,"column":12},"end":{"line":150,"column":null}},{"start":{"line":148,"column":19},"end":{"line":150,"column":null}}]},"14":{"loc":{"start":{"line":156,"column":12},"end":{"line":160,"column":null}},"type":"if","locations":[{"start":{"line":156,"column":12},"end":{"line":160,"column":null}},{"start":{"line":158,"column":19},"end":{"line":160,"column":null}}]},"15":{"loc":{"start":{"line":166,"column":12},"end":{"line":170,"column":null}},"type":"if","locations":[{"start":{"line":166,"column":12},"end":{"line":170,"column":null}},{"start":{"line":168,"column":19},"end":{"line":170,"column":null}}]},"16":{"loc":{"start":{"line":176,"column":12},"end":{"line":180,"column":null}},"type":"if","locations":[{"start":{"line":176,"column":12},"end":{"line":180,"column":null}},{"start":{"line":178,"column":19},"end":{"line":180,"column":null}}]},"17":{"loc":{"start":{"line":188,"column":4},"end":{"line":197,"column":null}},"type":"if","locations":[{"start":{"line":188,"column":4},"end":{"line":197,"column":null}},{"start":{"line":193,"column":11},"end":{"line":197,"column":null}}]},"18":{"loc":{"start":{"line":208,"column":4},"end":{"line":227,"column":null}},"type":"switch","locations":[{"start":{"line":210,"column":6},"end":{"line":217,"column":14}},{"start":{"line":219,"column":6},"end":{"line":226,"column":14}}]},"19":{"loc":{"start":{"line":235,"column":6},"end":{"line":237,"column":null}},"type":"if","locations":[{"start":{"line":235,"column":6},"end":{"line":237,"column":null}}]},"20":{"loc":{"start":{"line":251,"column":4},"end":{"line":257,"column":null}},"type":"if","locations":[{"start":{"line":251,"column":4},"end":{"line":257,"column":null}},{"start":{"line":255,"column":9},"end":{"line":257,"column":null}}]},"21":{"loc":{"start":{"line":266,"column":4},"end":{"line":294,"column":null}},"type":"if","locations":[{"start":{"line":266,"column":4},"end":{"line":294,"column":null}},{"start":{"line":291,"column":9},"end":{"line":294,"column":null}}]},"22":{"loc":{"start":{"line":272,"column":8},"end":{"line":278,"column":null}},"type":"if","locations":[{"start":{"line":272,"column":8},"end":{"line":278,"column":null}},{"start":{"line":274,"column":15},"end":{"line":278,"column":null}}]},"23":{"loc":{"start":{"line":272,"column":12},"end":{"line":272,"column":66}},"type":"binary-expr","locations":[{"start":{"line":272,"column":12},"end":{"line":272,"column":37}},{"start":{"line":272,"column":41},"end":{"line":272,"column":66}}]},"24":{"loc":{"start":{"line":274,"column":15},"end":{"line":278,"column":null}},"type":"if","locations":[{"start":{"line":274,"column":15},"end":{"line":278,"column":null}},{"start":{"line":276,"column":15},"end":{"line":278,"column":null}}]},"25":{"loc":{"start":{"line":274,"column":19},"end":{"line":274,"column":73}},"type":"binary-expr","locations":[{"start":{"line":274,"column":19},"end":{"line":274,"column":44}},{"start":{"line":274,"column":48},"end":{"line":274,"column":73}}]},"26":{"loc":{"start":{"line":279,"column":8},"end":{"line":281,"column":null}},"type":"if","locations":[{"start":{"line":279,"column":8},"end":{"line":281,"column":null}}]},"27":{"loc":{"start":{"line":283,"column":6},"end":{"line":288,"column":null}},"type":"if","locations":[{"start":{"line":283,"column":6},"end":{"line":288,"column":null}},{"start":{"line":285,"column":13},"end":{"line":288,"column":null}}]}},"s":{"0":2,"1":2,"2":2,"3":2,"4":2,"5":2,"6":2,"7":2,"8":2,"9":2,"10":24,"11":24,"12":1,"13":1,"14":23,"15":23,"16":11,"17":11,"18":12,"19":12,"20":12,"21":12,"22":13,"23":13,"24":13,"25":42,"26":2,"27":24,"28":4,"29":11,"30":9,"31":9,"32":5,"33":4,"34":2,"35":2,"36":2,"37":2,"38":2,"39":2,"40":2,"41":1,"42":0,"43":0,"44":0,"45":0,"46":0,"47":1,"48":1,"49":1,"50":0,"51":1,"52":0,"53":0,"54":0,"55":0,"56":0,"57":0,"58":0,"59":0,"60":0,"61":0,"62":1,"63":1,"64":0,"65":0,"66":0,"67":0,"68":0,"69":0,"70":0,"71":0,"72":0,"73":0,"74":0,"75":0,"76":0,"77":0,"78":0,"79":1,"80":1,"81":1,"82":0,"83":1,"84":1,"85":2,"86":0,"87":0,"88":0,"89":0,"90":2,"91":2,"92":2,"93":4,"94":4,"95":4,"96":4,"97":2,"98":2,"99":1,"100":2,"101":2,"102":2,"103":2,"104":1,"105":2,"106":2,"107":4,"108":4,"109":0,"110":0,"111":0,"112":0,"113":0,"114":0,"115":0,"116":0,"117":0,"118":0,"119":0,"120":0,"121":0,"122":0,"123":0,"124":0,"125":0,"126":0,"127":0,"128":0,"129":0,"130":0,"131":0,"132":0,"133":0,"134":0,"135":0,"136":0,"137":0,"138":0,"139":0,"140":18,"141":18,"142":2},"f":{"0":2,"1":2,"2":24,"3":13,"4":42,"5":2,"6":24,"7":4,"8":11,"9":9,"10":2,"11":4,"12":0,"13":0,"14":0,"15":0,"16":18},"b":{"0":[2,2],"1":[2,2],"2":[1],"3":[24,24,24,24],"4":[11,12],"5":[5,4],"6":[1,1],"7":[0,1,0,0],"8":[0,0],"9":[1,0],"10":[0,0],"11":[0,0],"12":[0,0,0,1],"13":[0,0],"14":[0,0],"15":[0,0],"16":[1,0],"17":[0,2],"18":[2,2],"19":[0],"20":[0,0],"21":[0,0],"22":[0,0],"23":[0,0],"24":[0,0],"25":[0,0],"26":[0],"27":[0,0]}}
}
