TN:
SF:MarsMap.ts
FN:3,(anonymous_0)
FN:7,(anonymous_1)
FN:20,(anonymous_2)
FN:36,(anonymous_3)
FN:40,(anonymous_4)
FN:44,(anonymous_5)
FN:48,(anonymous_6)
FN:52,(anonymous_7)
FNF:8
FNH:8
FNDA:384,(anonymous_0)
FNDA:384,(anonymous_1)
FNDA:25,(anonymous_2)
FNDA:84,(anonymous_3)
FNDA:53,(anonymous_4)
FNDA:18,(anonymous_5)
FNDA:18,(anonymous_6)
FNDA:2,(anonymous_7)
DA:1,2
DA:4,384
DA:9,384
DA:10,384
DA:15,25
DA:16,25
DA:17,25
DA:18,25
DA:21,25
DA:22,1
DA:24,24
DA:25,24
DA:26,96
DA:27,96
DA:28,384
DA:29,384
DA:31,96
DA:37,84
DA:41,53
DA:45,18
DA:49,18
DA:54,2
DA:56,2
DA:58,2
DA:59,1
DA:60,1
DA:63,1
DA:64,4
DA:65,16
DA:67,4
DA:69,4
DA:71,12
DA:72,48
DA:73,48
DA:74,16
DA:75,9
DA:76,7
DA:77,1
DA:79,1
DA:80,1
DA:82,0
DA:83,0
DA:85,0
DA:86,0
DA:88,0
DA:89,0
DA:92,6
DA:95,32
DA:98,12
DA:105,2
LF:50
LH:44
BRDA:21,0,0,1
BRDA:21,0,1,24
BRDA:58,1,0,1
BRDA:73,2,0,16
BRDA:73,2,1,32
BRDA:74,3,0,9
BRDA:74,3,1,7
BRDA:76,4,0,1
BRDA:76,4,1,6
BRDA:76,5,0,7
BRDA:76,5,1,2
BRDA:77,6,0,1
BRDA:77,6,1,0
BRDA:77,6,2,0
BRDA:77,6,3,0
BRF:15
BRH:12
end_of_record
TN:
SF:Rover.ts
FN:3,(anonymous_0)
FN:10,(anonymous_1)
FN:23,(anonymous_2)
FN:43,(anonymous_3)
FN:53,(anonymous_4)
FN:57,(anonymous_5)
FN:61,(anonymous_6)
FN:65,(anonymous_7)
FN:69,(anonymous_8)
FN:74,(anonymous_9)
FN:84,(anonymous_10)
FN:201,(anonymous_11)
FN:233,(anonymous_12)
FN:244,(anonymous_13)
FN:247,(anonymous_14)
FN:262,(anonymous_15)
FN:297,(anonymous_16)
FNF:17
FNH:13
FNDA:2,(anonymous_0)
FNDA:2,(anonymous_1)
FNDA:24,(anonymous_2)
FNDA:13,(anonymous_3)
FNDA:42,(anonymous_4)
FNDA:2,(anonymous_5)
FNDA:24,(anonymous_6)
FNDA:4,(anonymous_7)
FNDA:11,(anonymous_8)
FNDA:9,(anonymous_9)
FNDA:2,(anonymous_10)
FNDA:4,(anonymous_11)
FNDA:0,(anonymous_12)
FNDA:0,(anonymous_13)
FNDA:0,(anonymous_14)
FNDA:0,(anonymous_15)
FNDA:18,(anonymous_16)
DA:3,2
DA:4,2
DA:5,2
DA:6,2
DA:7,2
DA:10,2
DA:11,2
DA:12,2
DA:13,2
DA:14,2
DA:26,24
DA:27,24
DA:28,1
DA:29,1
DA:31,23
DA:32,23
DA:33,11
DA:34,11
DA:36,12
DA:37,12
DA:38,12
DA:39,12
DA:48,13
DA:49,13
DA:50,13
DA:54,42
DA:58,2
DA:62,24
DA:66,4
DA:70,11
DA:75,9
DA:76,9
DA:77,5
DA:79,4
DA:85,2
DA:87,2
DA:89,2
DA:91,2
DA:93,2
DA:94,2
DA:95,2
DA:97,1
DA:100,0
DA:101,0
DA:102,0
DA:104,0
DA:106,0
DA:110,1
DA:111,1
DA:112,1
DA:114,0
DA:116,1
DA:120,0
DA:121,0
DA:122,0
DA:124,0
DA:126,0
DA:130,0
DA:131,0
DA:132,0
DA:134,0
DA:136,0
DA:139,1
DA:142,1
DA:145,0
DA:146,0
DA:147,0
DA:149,0
DA:151,0
DA:155,0
DA:156,0
DA:157,0
DA:159,0
DA:161,0
DA:165,0
DA:166,0
DA:167,0
DA:169,0
DA:171,0
DA:175,1
DA:176,1
DA:177,1
DA:179,0
DA:181,1
DA:184,1
DA:188,2
DA:189,0
DA:190,0
DA:191,0
DA:192,0
DA:194,2
DA:195,2
DA:196,2
DA:202,4
DA:204,4
DA:206,4
DA:208,4
DA:211,2
DA:213,2
DA:214,1
DA:216,2
DA:217,2
DA:220,2
DA:222,2
DA:223,1
DA:225,2
DA:226,2
DA:228,4
DA:229,4
DA:234,0
DA:235,0
DA:236,0
DA:239,0
DA:240,0
DA:246,0
DA:247,0
DA:248,0
DA:251,0
DA:252,0
DA:256,0
DA:264,0
DA:266,0
DA:267,0
DA:268,0
DA:269,0
DA:271,0
DA:272,0
DA:273,0
DA:274,0
DA:275,0
DA:277,0
DA:279,0
DA:280,0
DA:283,0
DA:284,0
DA:286,0
DA:287,0
DA:292,0
DA:293,0
DA:298,18
DA:299,18
DA:303,2
LF:142
LH:76
BRDA:3,0,0,2
BRDA:3,0,1,2
BRDA:10,1,0,2
BRDA:10,1,1,2
BRDA:27,2,0,1
BRDA:27,3,0,24
BRDA:27,3,1,24
BRDA:27,3,2,24
BRDA:27,3,3,24
BRDA:32,4,0,11
BRDA:32,4,1,12
BRDA:76,5,0,5
BRDA:76,5,1,4
BRDA:95,6,0,1
BRDA:95,6,1,1
BRDA:97,7,0,0
BRDA:97,7,1,1
BRDA:97,7,2,0
BRDA:97,7,3,0
BRDA:101,8,0,0
BRDA:101,8,1,0
BRDA:111,9,0,1
BRDA:111,9,1,0
BRDA:121,10,0,0
BRDA:121,10,1,0
BRDA:131,11,0,0
BRDA:131,11,1,0
BRDA:142,12,0,0
BRDA:142,12,1,0
BRDA:142,12,2,0
BRDA:142,12,3,1
BRDA:146,13,0,0
BRDA:146,13,1,0
BRDA:156,14,0,0
BRDA:156,14,1,0
BRDA:166,15,0,0
BRDA:166,15,1,0
BRDA:176,16,0,1
BRDA:176,16,1,0
BRDA:188,17,0,0
BRDA:188,17,1,2
BRDA:208,18,0,2
BRDA:208,18,1,2
BRDA:235,19,0,0
BRDA:251,20,0,0
BRDA:251,20,1,0
BRDA:266,21,0,0
BRDA:266,21,1,0
BRDA:272,22,0,0
BRDA:272,22,1,0
BRDA:272,23,0,0
BRDA:272,23,1,0
BRDA:274,24,0,0
BRDA:274,24,1,0
BRDA:274,25,0,0
BRDA:274,25,1,0
BRDA:279,26,0,0
BRDA:283,27,0,0
BRDA:283,27,1,0
BRF:59
BRH:22
end_of_record
